{"C:\\Users\\USER\\Documents\\New Projects\\Microverse\\Module 2\\Testing-practice\\js\\calculator\\calculator.js": {"path":"C:\\Users\\USER\\Documents\\New Projects\\Microverse\\Module 2\\Testing-practice\\js\\calculator\\calculator.js","statementMap":{"0":{"start":{"line":3,"column":4},"end":{"line":3,"column":36}},"1":{"start":{"line":7,"column":4},"end":{"line":11,"column":5}},"2":{"start":{"line":8,"column":6},"end":{"line":8,"column":42}},"3":{"start":{"line":9,"column":11},"end":{"line":11,"column":5}},"4":{"start":{"line":10,"column":6},"end":{"line":10,"column":55}},"5":{"start":{"line":12,"column":4},"end":{"line":12,"column":37}},"6":{"start":{"line":16,"column":4},"end":{"line":20,"column":5}},"7":{"start":{"line":17,"column":6},"end":{"line":17,"column":42}},"8":{"start":{"line":18,"column":11},"end":{"line":20,"column":5}},"9":{"start":{"line":19,"column":6},"end":{"line":19,"column":55}},"10":{"start":{"line":21,"column":4},"end":{"line":21,"column":37}},"11":{"start":{"line":25,"column":4},"end":{"line":31,"column":5}},"12":{"start":{"line":26,"column":6},"end":{"line":26,"column":42}},"13":{"start":{"line":27,"column":11},"end":{"line":31,"column":5}},"14":{"start":{"line":28,"column":6},"end":{"line":28,"column":42}},"15":{"start":{"line":29,"column":11},"end":{"line":31,"column":5}},"16":{"start":{"line":30,"column":6},"end":{"line":30,"column":55}},"17":{"start":{"line":32,"column":4},"end":{"line":32,"column":37}},"18":{"start":{"line":36,"column":4},"end":{"line":42,"column":5}},"19":{"start":{"line":37,"column":6},"end":{"line":37,"column":73}},"20":{"start":{"line":38,"column":11},"end":{"line":42,"column":5}},"21":{"start":{"line":39,"column":6},"end":{"line":39,"column":42}},"22":{"start":{"line":40,"column":11},"end":{"line":42,"column":5}},"23":{"start":{"line":41,"column":6},"end":{"line":41,"column":55}},"24":{"start":{"line":43,"column":4},"end":{"line":43,"column":37}},"25":{"start":{"line":47,"column":19},"end":{"line":47,"column":35}},"26":{"start":{"line":49,"column":0},"end":{"line":49,"column":28}}},"fnMap":{"0":{"name":"(anonymous_0)","decl":{"start":{"line":2,"column":2},"end":{"line":2,"column":3}},"loc":{"start":{"line":2,"column":16},"end":{"line":4,"column":3}},"line":2},"1":{"name":"(anonymous_1)","decl":{"start":{"line":6,"column":2},"end":{"line":6,"column":3}},"loc":{"start":{"line":6,"column":12},"end":{"line":13,"column":3}},"line":6},"2":{"name":"(anonymous_2)","decl":{"start":{"line":15,"column":2},"end":{"line":15,"column":3}},"loc":{"start":{"line":15,"column":17},"end":{"line":22,"column":3}},"line":15},"3":{"name":"(anonymous_3)","decl":{"start":{"line":24,"column":2},"end":{"line":24,"column":3}},"loc":{"start":{"line":24,"column":15},"end":{"line":33,"column":3}},"line":24},"4":{"name":"(anonymous_4)","decl":{"start":{"line":35,"column":2},"end":{"line":35,"column":3}},"loc":{"start":{"line":35,"column":17},"end":{"line":44,"column":3}},"line":35}},"branchMap":{"0":{"loc":{"start":{"line":7,"column":4},"end":{"line":11,"column":5}},"type":"if","locations":[{"start":{"line":7,"column":4},"end":{"line":11,"column":5}},{"start":{"line":9,"column":11},"end":{"line":11,"column":5}}],"line":7},"1":{"loc":{"start":{"line":7,"column":8},"end":{"line":7,"column":16}},"type":"binary-expr","locations":[{"start":{"line":7,"column":8},"end":{"line":7,"column":10}},{"start":{"line":7,"column":14},"end":{"line":7,"column":16}}],"line":7},"2":{"loc":{"start":{"line":9,"column":11},"end":{"line":11,"column":5}},"type":"if","locations":[{"start":{"line":9,"column":11},"end":{"line":11,"column":5}},{"start":{},"end":{}}],"line":9},"3":{"loc":{"start":{"line":9,"column":15},"end":{"line":9,"column":61}},"type":"binary-expr","locations":[{"start":{"line":9,"column":15},"end":{"line":9,"column":36}},{"start":{"line":9,"column":40},"end":{"line":9,"column":61}}],"line":9},"4":{"loc":{"start":{"line":16,"column":4},"end":{"line":20,"column":5}},"type":"if","locations":[{"start":{"line":16,"column":4},"end":{"line":20,"column":5}},{"start":{"line":18,"column":11},"end":{"line":20,"column":5}}],"line":16},"5":{"loc":{"start":{"line":16,"column":8},"end":{"line":16,"column":16}},"type":"binary-expr","locations":[{"start":{"line":16,"column":8},"end":{"line":16,"column":10}},{"start":{"line":16,"column":14},"end":{"line":16,"column":16}}],"line":16},"6":{"loc":{"start":{"line":18,"column":11},"end":{"line":20,"column":5}},"type":"if","locations":[{"start":{"line":18,"column":11},"end":{"line":20,"column":5}},{"start":{},"end":{}}],"line":18},"7":{"loc":{"start":{"line":18,"column":15},"end":{"line":18,"column":61}},"type":"binary-expr","locations":[{"start":{"line":18,"column":15},"end":{"line":18,"column":36}},{"start":{"line":18,"column":40},"end":{"line":18,"column":61}}],"line":18},"8":{"loc":{"start":{"line":25,"column":4},"end":{"line":31,"column":5}},"type":"if","locations":[{"start":{"line":25,"column":4},"end":{"line":31,"column":5}},{"start":{"line":27,"column":11},"end":{"line":31,"column":5}}],"line":25},"9":{"loc":{"start":{"line":25,"column":8},"end":{"line":25,"column":26}},"type":"binary-expr","locations":[{"start":{"line":25,"column":8},"end":{"line":25,"column":15}},{"start":{"line":25,"column":19},"end":{"line":25,"column":26}}],"line":25},"10":{"loc":{"start":{"line":27,"column":11},"end":{"line":31,"column":5}},"type":"if","locations":[{"start":{"line":27,"column":11},"end":{"line":31,"column":5}},{"start":{"line":29,"column":11},"end":{"line":31,"column":5}}],"line":27},"11":{"loc":{"start":{"line":27,"column":15},"end":{"line":27,"column":23}},"type":"binary-expr","locations":[{"start":{"line":27,"column":15},"end":{"line":27,"column":17}},{"start":{"line":27,"column":21},"end":{"line":27,"column":23}}],"line":27},"12":{"loc":{"start":{"line":29,"column":11},"end":{"line":31,"column":5}},"type":"if","locations":[{"start":{"line":29,"column":11},"end":{"line":31,"column":5}},{"start":{},"end":{}}],"line":29},"13":{"loc":{"start":{"line":29,"column":15},"end":{"line":29,"column":61}},"type":"binary-expr","locations":[{"start":{"line":29,"column":15},"end":{"line":29,"column":36}},{"start":{"line":29,"column":40},"end":{"line":29,"column":61}}],"line":29},"14":{"loc":{"start":{"line":36,"column":4},"end":{"line":42,"column":5}},"type":"if","locations":[{"start":{"line":36,"column":4},"end":{"line":42,"column":5}},{"start":{"line":38,"column":11},"end":{"line":42,"column":5}}],"line":36},"15":{"loc":{"start":{"line":36,"column":8},"end":{"line":36,"column":26}},"type":"binary-expr","locations":[{"start":{"line":36,"column":8},"end":{"line":36,"column":15}},{"start":{"line":36,"column":19},"end":{"line":36,"column":26}}],"line":36},"16":{"loc":{"start":{"line":38,"column":11},"end":{"line":42,"column":5}},"type":"if","locations":[{"start":{"line":38,"column":11},"end":{"line":42,"column":5}},{"start":{"line":40,"column":11},"end":{"line":42,"column":5}}],"line":38},"17":{"loc":{"start":{"line":38,"column":15},"end":{"line":38,"column":23}},"type":"binary-expr","locations":[{"start":{"line":38,"column":15},"end":{"line":38,"column":17}},{"start":{"line":38,"column":21},"end":{"line":38,"column":23}}],"line":38},"18":{"loc":{"start":{"line":40,"column":11},"end":{"line":42,"column":5}},"type":"if","locations":[{"start":{"line":40,"column":11},"end":{"line":42,"column":5}},{"start":{},"end":{}}],"line":40},"19":{"loc":{"start":{"line":40,"column":15},"end":{"line":40,"column":61}},"type":"binary-expr","locations":[{"start":{"line":40,"column":15},"end":{"line":40,"column":36}},{"start":{"line":40,"column":40},"end":{"line":40,"column":61}}],"line":40}},"s":{"0":1,"1":4,"2":1,"3":3,"4":2,"5":1,"6":4,"7":1,"8":3,"9":2,"10":1,"11":6,"12":2,"13":4,"14":1,"15":3,"16":2,"17":1,"18":6,"19":2,"20":4,"21":1,"22":3,"23":2,"24":1,"25":1,"26":1},"f":{"0":1,"1":4,"2":4,"3":6,"4":6},"b":{"0":[1,3],"1":[4,3],"2":[2,1],"3":[3,2],"4":[1,3],"5":[4,3],"6":[2,1],"7":[3,2],"8":[2,4],"9":[6,5],"10":[1,3],"11":[4,3],"12":[2,1],"13":[3,2],"14":[2,4],"15":[6,5],"16":[1,3],"17":[4,3],"18":[2,1],"19":[3,2]},"_coverageSchema":"1a1c01bbd47fc00a2c39e90264f33305004495a9","hash":"2b460f5746d3a38fd773c0df8c95e00d76574dfa"}
,"C:\\Users\\USER\\Documents\\New Projects\\Microverse\\Module 2\\Testing-practice\\js\\capitalize\\capitalize.js": {"path":"C:\\Users\\USER\\Documents\\New Projects\\Microverse\\Module 2\\Testing-practice\\js\\capitalize\\capitalize.js","statementMap":{"0":{"start":{"line":1,"column":19},"end":{"line":6,"column":1}},"1":{"start":{"line":2,"column":2},"end":{"line":4,"column":3}},"2":{"start":{"line":3,"column":4},"end":{"line":3,"column":48}},"3":{"start":{"line":5,"column":2},"end":{"line":5,"column":58}},"4":{"start":{"line":8,"column":0},"end":{"line":8,"column":28}}},"fnMap":{"0":{"name":"(anonymous_0)","decl":{"start":{"line":1,"column":19},"end":{"line":1,"column":20}},"loc":{"start":{"line":1,"column":31},"end":{"line":6,"column":1}},"line":1}},"branchMap":{"0":{"loc":{"start":{"line":2,"column":2},"end":{"line":4,"column":3}},"type":"if","locations":[{"start":{"line":2,"column":2},"end":{"line":4,"column":3}},{"start":{},"end":{}}],"line":2}},"s":{"0":1,"1":2,"2":1,"3":1,"4":1},"f":{"0":2},"b":{"0":[1,1]},"_coverageSchema":"1a1c01bbd47fc00a2c39e90264f33305004495a9","hash":"bf3d50d960148ed5138a9bc10d66f51b06efaabe"}
,"C:\\Users\\USER\\Documents\\New Projects\\Microverse\\Module 2\\Testing-practice\\js\\reverseString\\reverse.js": {"path":"C:\\Users\\USER\\Documents\\New Projects\\Microverse\\Module 2\\Testing-practice\\js\\reverseString\\reverse.js","statementMap":{"0":{"start":{"line":1,"column":22},"end":{"line":6,"column":1}},"1":{"start":{"line":2,"column":2},"end":{"line":4,"column":3}},"2":{"start":{"line":3,"column":4},"end":{"line":3,"column":48}},"3":{"start":{"line":5,"column":2},"end":{"line":5,"column":45}},"4":{"start":{"line":8,"column":0},"end":{"line":8,"column":31}}},"fnMap":{"0":{"name":"(anonymous_0)","decl":{"start":{"line":1,"column":22},"end":{"line":1,"column":23}},"loc":{"start":{"line":1,"column":34},"end":{"line":6,"column":1}},"line":1}},"branchMap":{"0":{"loc":{"start":{"line":2,"column":2},"end":{"line":4,"column":3}},"type":"if","locations":[{"start":{"line":2,"column":2},"end":{"line":4,"column":3}},{"start":{},"end":{}}],"line":2}},"s":{"0":1,"1":2,"2":1,"3":1,"4":1},"f":{"0":2},"b":{"0":[1,1]},"_coverageSchema":"1a1c01bbd47fc00a2c39e90264f33305004495a9","hash":"fb24932b8bdc8ddb147f9bb4324f71824171615e"}
,"C:\\Users\\USER\\Documents\\New Projects\\Microverse\\Module 2\\Testing-practice\\js\\stringLength\\length.js": {"path":"C:\\Users\\USER\\Documents\\New Projects\\Microverse\\Module 2\\Testing-practice\\js\\stringLength\\length.js","statementMap":{"0":{"start":{"line":1,"column":24},"end":{"line":6,"column":1}},"1":{"start":{"line":2,"column":2},"end":{"line":4,"column":3}},"2":{"start":{"line":3,"column":4},"end":{"line":3,"column":33}},"3":{"start":{"line":5,"column":2},"end":{"line":5,"column":23}},"4":{"start":{"line":8,"column":0},"end":{"line":8,"column":33}}},"fnMap":{"0":{"name":"(anonymous_0)","decl":{"start":{"line":1,"column":24},"end":{"line":1,"column":25}},"loc":{"start":{"line":1,"column":36},"end":{"line":6,"column":1}},"line":1}},"branchMap":{"0":{"loc":{"start":{"line":2,"column":2},"end":{"line":4,"column":3}},"type":"if","locations":[{"start":{"line":2,"column":2},"end":{"line":4,"column":3}},{"start":{},"end":{}}],"line":2},"1":{"loc":{"start":{"line":2,"column":6},"end":{"line":2,"column":35}},"type":"binary-expr","locations":[{"start":{"line":2,"column":6},"end":{"line":2,"column":13}},{"start":{"line":2,"column":17},"end":{"line":2,"column":35}}],"line":2}},"s":{"0":1,"1":3,"2":2,"3":1,"4":1},"f":{"0":3},"b":{"0":[2,1],"1":[3,2]},"_coverageSchema":"1a1c01bbd47fc00a2c39e90264f33305004495a9","hash":"e9ceee233648e821df8e51284a3a739a7feb90d0"}
}
