TN:
SF:js\calculator\calculator.js
FN:2,(anonymous_0)
FN:6,(anonymous_1)
FN:15,(anonymous_2)
FN:24,(anonymous_3)
FN:35,(anonymous_4)
FNF:5
FNH:5
FNDA:1,(anonymous_0)
FNDA:4,(anonymous_1)
FNDA:4,(anonymous_2)
FNDA:6,(anonymous_3)
FNDA:6,(anonymous_4)
DA:3,1
DA:7,4
DA:8,1
DA:9,3
DA:10,2
DA:12,1
DA:16,4
DA:17,1
DA:18,3
DA:19,2
DA:21,1
DA:25,6
DA:26,2
DA:27,4
DA:28,1
DA:29,3
DA:30,2
DA:32,1
DA:36,6
DA:37,2
DA:38,4
DA:39,1
DA:40,3
DA:41,2
DA:43,1
DA:47,1
DA:49,1
LF:27
LH:27
BRDA:7,0,0,1
BRDA:7,0,1,3
BRDA:7,1,0,4
BRDA:7,1,1,3
BRDA:9,2,0,2
BRDA:9,2,1,1
BRDA:9,3,0,3
BRDA:9,3,1,2
BRDA:16,4,0,1
BRDA:16,4,1,3
BRDA:16,5,0,4
BRDA:16,5,1,3
BRDA:18,6,0,2
BRDA:18,6,1,1
BRDA:18,7,0,3
BRDA:18,7,1,2
BRDA:25,8,0,2
BRDA:25,8,1,4
BRDA:25,9,0,6
BRDA:25,9,1,5
BRDA:27,10,0,1
BRDA:27,10,1,3
BRDA:27,11,0,4
BRDA:27,11,1,3
BRDA:29,12,0,2
BRDA:29,12,1,1
BRDA:29,13,0,3
BRDA:29,13,1,2
BRDA:36,14,0,2
BRDA:36,14,1,4
BRDA:36,15,0,6
BRDA:36,15,1,5
BRDA:38,16,0,1
BRDA:38,16,1,3
BRDA:38,17,0,4
BRDA:38,17,1,3
BRDA:40,18,0,2
BRDA:40,18,1,1
BRDA:40,19,0,3
BRDA:40,19,1,2
BRF:40
BRH:40
end_of_record
TN:
SF:js\capitalize\capitalize.js
FN:1,(anonymous_0)
FNF:1
FNH:1
FNDA:2,(anonymous_0)
DA:1,1
DA:2,2
DA:3,1
DA:5,1
DA:8,1
LF:5
LH:5
BRDA:2,0,0,1
BRDA:2,0,1,1
BRF:2
BRH:2
end_of_record
TN:
SF:js\reverseString\reverse.js
FN:1,(anonymous_0)
FNF:1
FNH:1
FNDA:2,(anonymous_0)
DA:1,1
DA:2,2
DA:3,1
DA:5,1
DA:8,1
LF:5
LH:5
BRDA:2,0,0,1
BRDA:2,0,1,1
BRF:2
BRH:2
end_of_record
TN:
SF:js\stringLength\length.js
FN:1,(anonymous_0)
FNF:1
FNH:1
FNDA:3,(anonymous_0)
DA:1,1
DA:2,3
DA:3,2
DA:5,1
DA:8,1
LF:5
LH:5
BRDA:2,0,0,2
BRDA:2,0,1,1
BRDA:2,1,0,3
BRDA:2,1,1,2
BRF:4
BRH:4
end_of_record
